0 info it worked if it ends with ok
1 verbose cli [ '/usr/local/bin/node',
1 verbose cli   '/usr/local/bin/npm',
1 verbose cli   'install',
1 verbose cli   'pgweb' ]
2 info using npm@2.14.4
3 info using node@v4.1.2
4 verbose install initial load of /Users/Rajveer/Documents/Penn/Fall 2015/CIS 550/Project/ProjectFile/DatabasesProject_JJSR/package.json
5 verbose installManyTop reading scoped package data from /Users/Rajveer/Documents/Penn/Fall 2015/CIS 550/Project/ProjectFile/DatabasesProject_JJSR/node_modules/bcrypt-nodejs/package.json
6 verbose installManyTop reading scoped package data from /Users/Rajveer/Documents/Penn/Fall 2015/CIS 550/Project/ProjectFile/DatabasesProject_JJSR/node_modules/body-parser/package.json
7 verbose installManyTop reading scoped package data from /Users/Rajveer/Documents/Penn/Fall 2015/CIS 550/Project/ProjectFile/DatabasesProject_JJSR/node_modules/connect/package.json
8 verbose installManyTop reading scoped package data from /Users/Rajveer/Documents/Penn/Fall 2015/CIS 550/Project/ProjectFile/DatabasesProject_JJSR/node_modules/connect-ensure-login/package.json
9 verbose installManyTop reading scoped package data from /Users/Rajveer/Documents/Penn/Fall 2015/CIS 550/Project/ProjectFile/DatabasesProject_JJSR/node_modules/connect-flash/package.json
10 verbose installManyTop reading scoped package data from /Users/Rajveer/Documents/Penn/Fall 2015/CIS 550/Project/ProjectFile/DatabasesProject_JJSR/node_modules/cookie-parser/package.json
11 verbose installManyTop reading scoped package data from /Users/Rajveer/Documents/Penn/Fall 2015/CIS 550/Project/ProjectFile/DatabasesProject_JJSR/node_modules/debug/package.json
12 verbose installManyTop reading scoped package data from /Users/Rajveer/Documents/Penn/Fall 2015/CIS 550/Project/ProjectFile/DatabasesProject_JJSR/node_modules/dotenv/package.json
13 verbose installManyTop reading scoped package data from /Users/Rajveer/Documents/Penn/Fall 2015/CIS 550/Project/ProjectFile/DatabasesProject_JJSR/node_modules/ejs/package.json
14 verbose installManyTop reading scoped package data from /Users/Rajveer/Documents/Penn/Fall 2015/CIS 550/Project/ProjectFile/DatabasesProject_JJSR/node_modules/express/package.json
15 verbose installManyTop reading scoped package data from /Users/Rajveer/Documents/Penn/Fall 2015/CIS 550/Project/ProjectFile/DatabasesProject_JJSR/node_modules/express-session/package.json
16 verbose installManyTop reading scoped package data from /Users/Rajveer/Documents/Penn/Fall 2015/CIS 550/Project/ProjectFile/DatabasesProject_JJSR/node_modules/jquery/package.json
17 verbose installManyTop reading scoped package data from /Users/Rajveer/Documents/Penn/Fall 2015/CIS 550/Project/ProjectFile/DatabasesProject_JJSR/node_modules/mongoose/package.json
18 verbose installManyTop reading scoped package data from /Users/Rajveer/Documents/Penn/Fall 2015/CIS 550/Project/ProjectFile/DatabasesProject_JJSR/node_modules/morgan/package.json
19 verbose installManyTop reading scoped package data from /Users/Rajveer/Documents/Penn/Fall 2015/CIS 550/Project/ProjectFile/DatabasesProject_JJSR/node_modules/passport/package.json
20 verbose installManyTop reading scoped package data from /Users/Rajveer/Documents/Penn/Fall 2015/CIS 550/Project/ProjectFile/DatabasesProject_JJSR/node_modules/passport-auth0/package.json
21 verbose installManyTop reading scoped package data from /Users/Rajveer/Documents/Penn/Fall 2015/CIS 550/Project/ProjectFile/DatabasesProject_JJSR/node_modules/passport-local/package.json
22 verbose installManyTop reading scoped package data from /Users/Rajveer/Documents/Penn/Fall 2015/CIS 550/Project/ProjectFile/DatabasesProject_JJSR/node_modules/serve-favicon/package.json
23 info package.json connect-ensure-login@0.1.1 No license field.
24 info package.json passport@0.3.2 No README data
25 info package.json bcrypt-nodejs@0.0.3 No license field.
26 info package.json connect-flash@0.1.1 No license field.
27 info package.json jquery@2.1.4 No license field.
28 info package.json passport-auth0@0.5.0 license should be a valid SPDX license expression
29 info package.json passport-local@1.0.0 No license field.
30 verbose readDependencies loading dependencies from /Users/Rajveer/Documents/Penn/Fall 2015/CIS 550/Project/ProjectFile/DatabasesProject_JJSR/package.json
31 silly cache add args [ 'pgweb', null ]
32 verbose cache add spec pgweb
33 silly cache add parsed spec Result {
33 silly cache add   raw: 'pgweb',
33 silly cache add   scope: null,
33 silly cache add   name: 'pgweb',
33 silly cache add   rawSpec: '',
33 silly cache add   spec: '*',
33 silly cache add   type: 'range' }
34 silly addNamed pgweb@*
35 verbose addNamed "*" is a valid semver range for pgweb
36 silly addNameRange { name: 'pgweb', range: '*', hasData: false }
37 silly mapToRegistry name pgweb
38 silly mapToRegistry using default registry
39 silly mapToRegistry registry https://registry.npmjs.org/
40 silly mapToRegistry uri https://registry.npmjs.org/pgweb
41 verbose addNameRange registry:https://registry.npmjs.org/pgweb not in flight; fetching
42 verbose request uri https://registry.npmjs.org/pgweb
43 verbose request no auth needed
44 info attempt registry request try #1 at 3:42:18 PM
45 verbose request id 5261cbf0c1c38a18
46 http request GET https://registry.npmjs.org/pgweb
47 http 404 https://registry.npmjs.org/pgweb
48 verbose headers { 'content-type': 'application/json',
48 verbose headers   'cache-control': 'max-age=0',
48 verbose headers   'content-length': '2',
48 verbose headers   'accept-ranges': 'bytes',
48 verbose headers   date: 'Thu, 03 Dec 2015 20:42:19 GMT',
48 verbose headers   via: '1.1 varnish',
48 verbose headers   age: '0',
48 verbose headers   connection: 'keep-alive',
48 verbose headers   'x-served-by': 'cache-jfk1032-JFK',
48 verbose headers   'x-cache': 'MISS',
48 verbose headers   'x-cache-hits': '0',
48 verbose headers   'x-timer': 'S1449175339.084542,VS0,VE27' }
49 silly get cb [ 404,
49 silly get   { 'content-type': 'application/json',
49 silly get     'cache-control': 'max-age=0',
49 silly get     'content-length': '2',
49 silly get     'accept-ranges': 'bytes',
49 silly get     date: 'Thu, 03 Dec 2015 20:42:19 GMT',
49 silly get     via: '1.1 varnish',
49 silly get     age: '0',
49 silly get     connection: 'keep-alive',
49 silly get     'x-served-by': 'cache-jfk1032-JFK',
49 silly get     'x-cache': 'MISS',
49 silly get     'x-cache-hits': '0',
49 silly get     'x-timer': 'S1449175339.084542,VS0,VE27' } ]
50 verbose stack Error: Registry returned 404 for GET on https://registry.npmjs.org/pgweb
50 verbose stack     at makeError (/usr/local/lib/node_modules/npm/node_modules/npm-registry-client/lib/request.js:263:12)
50 verbose stack     at CachingRegistryClient.<anonymous> (/usr/local/lib/node_modules/npm/node_modules/npm-registry-client/lib/request.js:241:14)
50 verbose stack     at Request._callback (/usr/local/lib/node_modules/npm/node_modules/npm-registry-client/lib/request.js:171:14)
50 verbose stack     at Request.self.callback (/usr/local/lib/node_modules/npm/node_modules/request/request.js:198:22)
50 verbose stack     at emitTwo (events.js:87:13)
50 verbose stack     at Request.emit (events.js:172:7)
50 verbose stack     at Request.<anonymous> (/usr/local/lib/node_modules/npm/node_modules/request/request.js:1073:14)
50 verbose stack     at emitOne (events.js:82:20)
50 verbose stack     at Request.emit (events.js:169:7)
50 verbose stack     at IncomingMessage.<anonymous> (/usr/local/lib/node_modules/npm/node_modules/request/request.js:1019:12)
51 verbose statusCode 404
52 verbose pkgid pgweb
53 verbose cwd /Users/Rajveer/Documents/Penn/Fall 2015/CIS 550/Project/ProjectFile/DatabasesProject_JJSR
54 error Darwin 13.4.0
55 error argv "/usr/local/bin/node" "/usr/local/bin/npm" "install" "pgweb"
56 error node v4.1.2
57 error npm  v2.14.4
58 error code E404
59 error 404 Registry returned 404 for GET on https://registry.npmjs.org/pgweb
59 error 404
59 error 404 'pgweb' is not in the npm registry.
59 error 404 You should bug the author to publish it (or use the name yourself!)
59 error 404 It was specified as a dependency of '550'
59 error 404
59 error 404 Note that you can also install from a
59 error 404 tarball, folder, http url, or git url.
60 verbose exit [ 1, true ]
